[0m[34mNov 10 06:53:45.628 INFO: manager: [0m1.1.2
[0m[34mNov 10 06:53:45.628 INFO: manager: [0mCopyright (C) 2003-2014
[0m[34mNov 10 06:53:45.628 INFO: manager: [0m  Noriaki Ando
[0m[34mNov 10 06:53:45.628 INFO: manager: [0m  Intelligent Systems Research Institute, AIST
[0m[34mNov 10 06:53:45.628 INFO: manager: [0mManager starting.
[0m[34mNov 10 06:53:45.628 INFO: manager: [0mStarting local logging.
[0m[33mNov 10 06:53:45.633 WARNING: NamingOnCorba: [0mNo endpoint for the CORBA naming service (localhost) was found.
[0m[34mNov 10 06:53:45.633 INFO: NamingManager: [0mNameServer connection succeeded: corba/localhost
[0m[34mNov 10 06:53:45.633 INFO: ManagerServant: [0mMaster manager not found
[0m[33mNov 10 06:53:51.471 WARNING: SdoServiceAdmin: [0mNo available SDO service in the factory: 
[0m[33mNov 10 06:53:51.472 WARNING: SdoServiceAdmin: [0mNo available SDO service in the factory: IDL:OpenRTM/ComponentObserver:1.0
[0m[34mNov 10 06:53:55.800 INFO: ManipulatorCommonInterface_Common: [0minterface matched with old descriptor: port.JARA_ARM::ManipulatorCommonInterface_Common.ManipulatorCommonInterface_Common
[0m[34mNov 10 06:53:57.748 INFO: ManipulatorCommonInterface_Middle: [0minterface matched with old descriptor: port.JARA_ARM::ManipulatorCommonInterface_Middle.ManipulatorCommonInterface_Middle
[0m[35mNov 10 06:54:56.491 ERROR: periodic_ec: [0mThe component is not responding.
[0m[35mNov 10 06:54:56.491 ERROR: periodic_ec: [0mThe component could not be deactivated.
[0m[34mNov 10 06:55:37.488 INFO: ManipulatorCommonInterface_Common: [0minterface matched with old descriptor: port.JARA_ARM::ManipulatorCommonInterface_Common.ManipulatorCommonInterface_Common
[0m[34mNov 10 06:55:37.488 INFO: ManipulatorCommonInterface_Middle: [0minterface matched with old descriptor: port.JARA_ARM::ManipulatorCommonInterface_Middle.ManipulatorCommonInterface_Middle
[0m[34mNov 10 06:55:48.272 INFO: ManipulatorCommonInterface_Common: [0minterface matched with old descriptor: port.JARA_ARM::ManipulatorCommonInterface_Common.ManipulatorCommonInterface_Common
[0m[34mNov 10 06:55:50.481 INFO: ManipulatorCommonInterface_Middle: [0minterface matched with old descriptor: port.JARA_ARM::ManipulatorCommonInterface_Middle.ManipulatorCommonInterface_Middle
[0m[35mNov 10 06:57:18.458 ERROR: periodic_ec: [0mThe component is not responding.
[0m[35mNov 10 06:57:18.458 ERROR: periodic_ec: [0mThe component could not be deactivated.
[0m[34mNov 10 06:57:21.478 INFO: ManipulatorCommonInterface_Common: [0minterface matched with old descriptor: port.JARA_ARM::ManipulatorCommonInterface_Common.ManipulatorCommonInterface_Common
[0m[34mNov 10 06:57:21.478 INFO: ManipulatorCommonInterface_Middle: [0minterface matched with old descriptor: port.JARA_ARM::ManipulatorCommonInterface_Middle.ManipulatorCommonInterface_Middle
