[0m[34mNov 10 08:57:03.302 INFO: manager: [0m1.1.2
[0m[34mNov 10 08:57:03.302 INFO: manager: [0mCopyright (C) 2003-2014
[0m[34mNov 10 08:57:03.302 INFO: manager: [0m  Noriaki Ando
[0m[34mNov 10 08:57:03.302 INFO: manager: [0m  Intelligent Systems Research Institute, AIST
[0m[34mNov 10 08:57:03.302 INFO: manager: [0mManager starting.
[0m[34mNov 10 08:57:03.302 INFO: manager: [0mStarting local logging.
[0m[33mNov 10 08:57:03.306 WARNING: NamingOnCorba: [0mNo endpoint for the CORBA naming service (localhost) was found.
[0m[34mNov 10 08:57:03.306 INFO: NamingManager: [0mNameServer connection succeeded: corba/localhost
[0m[34mNov 10 08:57:03.307 INFO: ManagerServant: [0mMaster manager not found
[0m[33mNov 10 08:58:45.590 WARNING: SdoServiceAdmin: [0mNo available SDO service in the factory: 
[0m[33mNov 10 08:58:45.590 WARNING: SdoServiceAdmin: [0mNo available SDO service in the factory: IDL:OpenRTM/ComponentObserver:1.0
[0m[34mNov 10 08:58:48.662 INFO: ManipulatorCommonInterface_Common: [0minterface matched with old descriptor: port.JARA_ARM::ManipulatorCommonInterface_Common.ManipulatorCommonInterface_Common
[0m[34mNov 10 08:58:51.856 INFO: ManipulatorCommonInterface_Middle: [0minterface matched with old descriptor: port.JARA_ARM::ManipulatorCommonInterface_Middle.ManipulatorCommonInterface_Middle
[0m[35mNov 10 09:00:23.322 ERROR: periodic_ec: [0mThe component is not responding.
[0m[35mNov 10 09:00:23.322 ERROR: periodic_ec: [0mThe component could not be deactivated.
[0m[35mNov 10 09:02:10.010 ERROR: periodic_ec: [0mThe component is not responding.
[0m[35mNov 10 09:02:10.010 ERROR: periodic_ec: [0mThe component could not be deactivated.
[0m[34mNov 10 09:02:15.952 INFO: ManipulatorCommonInterface_Common: [0minterface matched with old descriptor: port.JARA_ARM::ManipulatorCommonInterface_Common.ManipulatorCommonInterface_Common
[0m[34mNov 10 09:02:15.952 INFO: ManipulatorCommonInterface_Middle: [0minterface matched with old descriptor: port.JARA_ARM::ManipulatorCommonInterface_Middle.ManipulatorCommonInterface_Middle
[0m[35mNov 10 09:02:27.460 ERROR: periodic_ec: [0mThe component is not responding.
[0m[35mNov 10 09:02:27.460 ERROR: periodic_ec: [0mThe component could not be deactivated.
[0m[35mNov 10 09:02:29.363 ERROR: periodic_ec: [0mThe component is not responding.
[0m[35mNov 10 09:02:29.363 ERROR: periodic_ec: [0mThe component could not be deactivated.
